TN:
SF:contracts\AccessControl.sol
BRDA:13,0,d5cc48ede4cad4f42fa7b08f63ef658224c9d3fbbc6ce8bf1f9e39855380cd78,12
BRDA:14,0,554886cd6b52ffe11b6445e4aae2968760085beda8bfd7520fc15249033177f6,12
BRDA:18,0,0682fbb7067010ff25714557674ae77cf21ae11f52194f613d6259b9b83b9e78,8
BRDA:19,0,875324907aea0b35f5d00d26fe60faab966d8bd6945a5ea855b64a2a8afcdae5,7
BRDA:24,0,ca52044f0e69d9521be2decfaa108a71a6083988242d133aea32c00fa8683692,2
BRDA:23,0,e829ac83203ccfceda8cac552649278930c5942208cf79f2452f7c6b6598c7d6,2
BRDA:29,0,c9d67e671afedda0760eed112f9e68f6c4f738d404d2ba7f1ce91467489fd76a,2
BRDA:28,0,1d70ba6b43b2fba0774be4da8cf52295c6ca19bbb5eb922d5a307f053ec74586,2
BRDA:29,0,1d70ba6b43b2fba0774be4da8cf52295c6ca19bbb5eb922d5a307f053ec74586,2
BRDA:30,0,1d70ba6b43b2fba0774be4da8cf52295c6ca19bbb5eb922d5a307f053ec74586,2
BRDA:35,0,e801ea1a3effd9989bc1519d7a49f919bdfa13ad0d9bcb6bb2f00dbbfff6de2f,4
BRDA:36,0,e801ea1a3effd9989bc1519d7a49f919bdfa13ad0d9bcb6bb2f00dbbfff6de2f,4
BRDA:28,0,37a2817baf43bbf95c7b7b9ba56e8451555f27a568736d2e7df2b6fac5b80115,5
BRDA:29,0,37a2817baf43bbf95c7b7b9ba56e8451555f27a568736d2e7df2b6fac5b80115,5
BRDA:30,0,37a2817baf43bbf95c7b7b9ba56e8451555f27a568736d2e7df2b6fac5b80115,5
BRDA:31,0,37a2817baf43bbf95c7b7b9ba56e8451555f27a568736d2e7df2b6fac5b80115,5
BRDA:32,0,37a2817baf43bbf95c7b7b9ba56e8451555f27a568736d2e7df2b6fac5b80115,5
BRDA:33,0,37a2817baf43bbf95c7b7b9ba56e8451555f27a568736d2e7df2b6fac5b80115,5
BRDA:34,0,37a2817baf43bbf95c7b7b9ba56e8451555f27a568736d2e7df2b6fac5b80115,5
BRDA:30,0,63ff53404ead50c194f4e357ae2cc775cf0f4b53433991f3691e8280d966a465,3
BRDA:31,0,63ff53404ead50c194f4e357ae2cc775cf0f4b53433991f3691e8280d966a465,3
BRDA:32,0,63ff53404ead50c194f4e357ae2cc775cf0f4b53433991f3691e8280d966a465,3
BRDA:33,0,63ff53404ead50c194f4e357ae2cc775cf0f4b53433991f3691e8280d966a465,3
BRDA:34,0,63ff53404ead50c194f4e357ae2cc775cf0f4b53433991f3691e8280d966a465,3
BRDA:30,0,a71db1d8c239e7bdd4c22598a471fdf4ad7fd0f7b578e18037f774900537411b,2
BRDA:31,0,a71db1d8c239e7bdd4c22598a471fdf4ad7fd0f7b578e18037f774900537411b,2
BRDA:32,0,a71db1d8c239e7bdd4c22598a471fdf4ad7fd0f7b578e18037f774900537411b,2
BRDA:31,0,14016e8b84460a3b0649c2550e52ef7e7366450bfac44848785dfaafc14f0c38,2
BRDA:32,0,596d0595f974e75baa82c93802dc163fa846b79706f0202a42035809c749df71,1
BRDA:33,0,596d0595f974e75baa82c93802dc163fa846b79706f0202a42035809c749df71,1
BRDA:34,0,596d0595f974e75baa82c93802dc163fa846b79706f0202a42035809c749df71,1
BRDA:33,0,4d77bd25dc0ab6d84ae02d3907a5b61b4d3daa4ea97a2e3e1e6ef3b2bc4dcf7e,1
BRH:32
BRF:32
DA:13,12
DA:14,12
DA:18,8
DA:19,7
DA:24,2
DA:23,2
DA:29,9
DA:28,7
DA:30,12
DA:35,4
DA:36,4
DA:31,12
DA:32,11
DA:33,10
DA:34,9
LH:15
LF:15
end_of_record
SF:contracts\Counter.sol
BRDA:17,0,a6d9b9f55788ad287f7d6f774ff2338fb18bcb0006e6afb71d9f0db86333b8e6,21
BRDA:12,0,03cca8633e27a10a683e4ff7bcbed5f7157bcd47f751fd4483b7da52f2cc61ee,227
BRDA:13,0,20f0641fab00aad0e928fcef1c0ccc03c5d849b53b97ea4e4835b422f395ebf8,227
BRDA:18,0,1311cfd962db76e175031e44a03aecb00418d323ad37feafd672068cfa83421e,20
BRDA:19,0,3a4bda753528fe9ec885322301d6961a60f0123081d7397526423f400d6179dd,20
BRH:5
BRF:5
DA:17,21
DA:12,227
DA:13,227
DA:18,20
DA:19,20
LH:5
LF:5
end_of_record
SF:contracts\CustomErrors.sol
BRDA:12,0,52c435ee3bc023659417fcf6a3eb14377be03f4fcb991313030b3473d36c9ee0,10
BRDA:18,0,757218475782a074c8552d8bdd5c159b208c817dc65b388cfd23e3daa681831d,6
BRDA:19,0,757218475782a074c8552d8bdd5c159b208c817dc65b388cfd23e3daa681831d,6
BRDA:20,0,757218475782a074c8552d8bdd5c159b208c817dc65b388cfd23e3daa681831d,6
BRDA:21,0,757218475782a074c8552d8bdd5c159b208c817dc65b388cfd23e3daa681831d,6
BRDA:22,0,757218475782a074c8552d8bdd5c159b208c817dc65b388cfd23e3daa681831d,6
BRDA:21,0,c784187b24c2ade035a4990788cc8599522ec11445030fd47338a6502d7d506d,4
BRDA:16,0,9346deb950b19b29cf07a72afec984af43b592eaf8a57e9a79325c8dcb8976e7,7
BRDA:17,0,9346deb950b19b29cf07a72afec984af43b592eaf8a57e9a79325c8dcb8976e7,7
BRDA:18,0,9346deb950b19b29cf07a72afec984af43b592eaf8a57e9a79325c8dcb8976e7,7
BRDA:19,0,9346deb950b19b29cf07a72afec984af43b592eaf8a57e9a79325c8dcb8976e7,7
BRDA:20,0,9346deb950b19b29cf07a72afec984af43b592eaf8a57e9a79325c8dcb8976e7,7
BRDA:21,0,9346deb950b19b29cf07a72afec984af43b592eaf8a57e9a79325c8dcb8976e7,7
BRDA:22,0,9346deb950b19b29cf07a72afec984af43b592eaf8a57e9a79325c8dcb8976e7,7
BRDA:20,0,dd3a916baeceabd378862df57f8a37ad97a1c7cf8c47f0a7c1c72aac18dc9738,4
BRDA:21,0,dd3a916baeceabd378862df57f8a37ad97a1c7cf8c47f0a7c1c72aac18dc9738,4
BRDA:22,0,dd3a916baeceabd378862df57f8a37ad97a1c7cf8c47f0a7c1c72aac18dc9738,4
BRDA:16,0,df1ab236a94ba4507082d7a941dfd13010198db791d4623ba494923d4cd01979,1
BRDA:17,0,df1ab236a94ba4507082d7a941dfd13010198db791d4623ba494923d4cd01979,1
BRDA:18,0,df1ab236a94ba4507082d7a941dfd13010198db791d4623ba494923d4cd01979,1
BRDA:17,0,41c62341fd61c0f20ffabac8644a4f0515fdf26bcb8d0f9a3234764330fe428a,1
BRDA:18,0,135a40f32a00874830567bf2693fc33adb199eb5c1600d177b4c530e1d5d2e69,2
BRDA:19,0,135a40f32a00874830567bf2693fc33adb199eb5c1600d177b4c530e1d5d2e69,2
BRDA:20,0,135a40f32a00874830567bf2693fc33adb199eb5c1600d177b4c530e1d5d2e69,2
BRDA:19,0,90e961acf13afd5ad398ff0d03db6353f1222c8f1133f16fa510bd9dbeaf6647,2
BRH:25
BRF:25
DA:12,10
DA:18,16
DA:19,17
DA:20,19
DA:21,21
DA:22,17
DA:16,8
DA:17,9
LH:8
LF:8
end_of_record
SF:contracts\HelloWorld.sol
BRDA:9,0,8e6012bbedc61476c2b7d30fa22e08cff48cd21c42c3e034021934af8cb595aa,8
BRDA:15,0,aba5aab3fced8e3ecea59f0db0ed8627e33caa9de45698a707d2bc618cac12cb,8
BRDA:21,0,e96bb5e9702b86b3428c910341ad2bfc097c79a989041620c005f2aad3c529ff,1
BRH:3
BRF:3
DA:9,8
DA:15,8
DA:21,1
LH:3
LF:3
end_of_record
SF:contracts\RewardSystem.sol
BRDA:43,0,9ee3fa22ab9d24640abc963bd3a6b0817ea17c1cf9937b6a2ddf3c9d80c3cfbb,40
BRDA:44,0,9ee3fa22ab9d24640abc963bd3a6b0817ea17c1cf9937b6a2ddf3c9d80c3cfbb,40
BRDA:42,0,5b5ab9303f7986125b1ce21b95e67af1181b4b14b8e66e76c369006cf70ba605,40
BRDA:45,0,f44a24605b90802cdfb36166122f307c8b115b2e34af3f035e372f937ef4b5b9,40
BRDA:46,0,5e83ffaf888a90f111da5aef2b60d6432c90a5b5632ac6444cd1225f63954e27,40
BRDA:52,0,5e0a045a3498ec3260ae15dc74d19010d493d0207e25407b0a47a5ce2e66aee4,32
BRDA:53,0,5e0a045a3498ec3260ae15dc74d19010d493d0207e25407b0a47a5ce2e66aee4,32
BRDA:51,0,c1b300774ad55f6e3f1673c615d23dce92491b16b8276517d3cf5d2418119380,32
BRDA:50,0,aa4ecdb8afea9fed3024e6a2cd93d956a7eef4b01929cb854f89bcb5329b81bb,33
BRDA:87,0,f19e1a4826de1d390e352351a22a4e36975d61b4fd0800593774cc8d6faec0bd,1
BRDA:50,0,b089a6c4603529176f77956b4ea1bf5ca1b8afac92f43b717b00cd25d0713204,1
BRDA:37,0,a288b0b026732d0b4296e0e957e8ead6826fc8ba9254e4bdb1f98ca90e5d1095,26
BRDA:37,0,86dfc2e19150b4cd6a3786bbfd0844c2c7a394b83aae80692a02f025a829a125,2
BRDA:38,0,cce17868fa9e491e5aa701c6d4dcc6cabc4864bd75bf6c7a19dfe88e36c7c5f1,24
BRDA:57,0,5ecde85c7f4a0eb3909c649c17f8f75dc28736e31efc485911c9255f4004cb07,13
BRDA:57,0,a7aa97ce2c5915edc691ba49a058ba14f0cb7e9920d44805054e7b6181c84142,1
BRDA:73,0,f3aba807f1153df5aa37b356d02310aab30f143ce62eca6ddd22bf4a22ba25a7,5
BRDA:74,0,9596c9113c6b9fae1613f1e0622031c2f7e97cd5fb7867db8bfe4a1708faacb6,4
BRDA:72,0,dba56c61c16d421d4a94482e0c8339c0b132ce43baccb7f832f706041da64ebc,6
BRDA:74,0,533e4841db354b6c4fb9129c3ea0c3c054f162cb029ef7a797a426a17eaea93c,1
BRDA:60,0,f2a581ce1f12f7e89b15ade7e1033e49c45c72dd8705e2a7c949d9c7c8441ae7,12
BRDA:61,0,964d1e1744fedd8a9485c76bb942947dc7efc5ae21d608e895bf47db8e1416f5,12
BRDA:62,0,964d1e1744fedd8a9485c76bb942947dc7efc5ae21d608e895bf47db8e1416f5,12
BRDA:58,0,31c71f1718b87f72046fb5d283dcdbf61ead2725c21b53897de7920e43a82b8e,12
BRDA:59,0,31c71f1718b87f72046fb5d283dcdbf61ead2725c21b53897de7920e43a82b8e,12
BRDA:77,0,439d356722765d5ae9d2fa61c36ca0227c2855c4ce09c917bb2c4b6e1e8b1b4e,3
BRDA:77,0,51cf8b6da88b784f66e592699f39120f5623b6a27fa4c0ab2ccda2733bf833fd,1
BRDA:75,0,26ac9307b5eaac294de6632908d5da53d0dba250e3f72fdc9ca97eeec2e1f80b,3
BRDA:76,0,26ac9307b5eaac294de6632908d5da53d0dba250e3f72fdc9ca97eeec2e1f80b,3
BRDA:83,0,5429f1a1c7b26e51552236ba5afed89bb87b3f9483cd4b6102673ef272a9b255,2
BRDA:78,0,ff0bb3c5df7d4b59eec6e8e13469e79027f67eec6b68cd35c4d3532645bb50af,2
BRDA:79,0,ff0bb3c5df7d4b59eec6e8e13469e79027f67eec6b68cd35c4d3532645bb50af,2
BRDA:80,0,ff0bb3c5df7d4b59eec6e8e13469e79027f67eec6b68cd35c4d3532645bb50af,2
BRDA:81,0,ff0bb3c5df7d4b59eec6e8e13469e79027f67eec6b68cd35c4d3532645bb50af,2
BRDA:82,0,8091ddf4a018554c85802b8eb3cc1ebce2460edd7229d38eca61c7b68446ac64,2
BRDA:80,0,888f0e4f2752a775b452316d5eb70af1ce74bbf83380dba3294f50c4e84e5bda,2
BRDA:95,0,62ea600d90edd710301723ca58b0e5afb7325be68a4b2173ba580c35594b552c,1
BRDA:91,0,59cf20f7491ba9c3fe3ff42cdc0a5a096ca3fc87b7bf71c659153efd51e1ed29,5
BRDA:93,0,78ca09feeff47e4b67d2136b20fb435f9745d74bcf6d63da2165e2118e4f2bd3,5
BRDA:94,0,78ca09feeff47e4b67d2136b20fb435f9745d74bcf6d63da2165e2118e4f2bd3,5
BRDA:92,0,6df323778cf8c578b5d6730564e0a56137a2b6557205fea92374c6c8c8d6fc45,5
BRDA:95,0,64a897ab3cf81287b47db60f7535fb8cba368f5fca30337364aa089685ca373f,5
BRDA:96,0,f6066517034d2f463b2466229227afa9f01cf50fbc4a535aeb5e2f16e45f7daf,4
BRDA:97,0,f6066517034d2f463b2466229227afa9f01cf50fbc4a535aeb5e2f16e45f7daf,4
BRDA:98,0,f6066517034d2f463b2466229227afa9f01cf50fbc4a535aeb5e2f16e45f7daf,4
BRDA:99,0,79b9b93a56ed8d645a94de619a4d429cc09adb4e4a15c52f86adbe9cc0cd70f4,4
BRDA:100,0,79b9b93a56ed8d645a94de619a4d429cc09adb4e4a15c52f86adbe9cc0cd70f4,4
BRDA:97,0,f55ef002aae36896a713180ec6989c6f6471402fb8a0d7acf6dbf2ce35c32bb3,4
BRDA:104,0,16871794886716073b9d4105417eb7cb5b6aafc25addabe7b6b814aefc3611d3,1
BRDA:107,0,9b3b02b7a6d13c174450cc015f5e474b2bb8f14c04e07efb45132ce71f6f25af,1
BRDA:33,0,cac4469376afe0061206fed0cf35bae900aa32d10d2d939a635a4a5eb9251d98,5
BRDA:33,0,c2437024f6d6e1bfcc4a73ca4d9428ee9797bb9053bcea4016d5e119e45ec771,1
BRDA:65,0,5a22a0c847568736c58af79d807f62b2533f1941dcb473ef3c920e342fba6cdd,1
BRDA:65,0,57575eb1587665e3a189f7600f81e793ce023fe30606c8a966470e217b707338,4
BRDA:34,0,9abc990f0b1c79306dcf84f33546f35760e2ff02795659d25ae841e86d5babcd,4
BRDA:66,0,477042c96952b7ef794759e01b75d7eb336694d5206038464e3844ebe0f7c99c,1
BRDA:66,0,aa901b9c942857e804bef42f70103f2354aa23eea1cab875373b0992e656a728,3
BRDA:72,0,0492e6a74f0872ee4888290986528c1cf0c4939e8bea359d8a417d2e3faf0c5e,1
BRDA:73,0,1403270abf30635e8265c5aa7751c2fca2d1a22ce7965dded4f0259ad3a91539,1
BRDA:69,0,ae590a8c53d87358cf4586834c45e571c6bde81a42babc9e7f543ccab6d0e207,2
BRDA:67,0,c89d03789c36221648b0ac97d2a6eb9ff9a88dfeee31c76b71a1150c87d99dfa,2
BRDA:68,0,c89d03789c36221648b0ac97d2a6eb9ff9a88dfeee31c76b71a1150c87d99dfa,2
BRH:62
BRF:62
DA:43,40
DA:44,40
DA:42,40
DA:45,40
DA:46,40
DA:52,32
DA:53,32
DA:51,32
DA:50,34
DA:87,1
DA:37,28
DA:38,24
DA:57,14
DA:73,6
DA:74,5
DA:72,7
DA:60,12
DA:61,12
DA:62,12
DA:58,12
DA:59,12
DA:77,4
DA:75,3
DA:76,3
DA:83,2
DA:78,2
DA:79,2
DA:80,4
DA:81,2
DA:82,2
DA:95,6
DA:91,5
DA:93,5
DA:94,5
DA:92,5
DA:96,4
DA:97,8
DA:98,4
DA:99,4
DA:100,4
DA:104,1
DA:107,1
DA:33,6
DA:65,5
DA:34,4
DA:66,4
DA:69,2
DA:67,2
DA:68,2
LH:49
LF:49
end_of_record
SF:contracts\Wallet.sol
BRDA:52,0,7003857a1161e077f61ddd237e01230f2ce5a89a3b8ba66d08b31fe52bbf53cb,8
BRDA:58,0,c722ab6c3b6646356157381bad50d9987af18ebd98b80c833a6e68801348ba80,8
BRDA:59,0,c722ab6c3b6646356157381bad50d9987af18ebd98b80c833a6e68801348ba80,8
BRDA:60,0,c722ab6c3b6646356157381bad50d9987af18ebd98b80c833a6e68801348ba80,8
BRDA:54,0,cd9643e5540e223f28d2e113c927c3411bc301212017eb3a0d552c65231e88d9,8
BRDA:55,0,cd9643e5540e223f28d2e113c927c3411bc301212017eb3a0d552c65231e88d9,8
BRDA:56,0,cd9643e5540e223f28d2e113c927c3411bc301212017eb3a0d552c65231e88d9,8
BRDA:57,0,cd9643e5540e223f28d2e113c927c3411bc301212017eb3a0d552c65231e88d9,8
BRDA:53,0,94ea00badecfe8676e96c358b8fa797ec06722cc662eebb49502973eb85dfe6e,8
BRDA:46,0,5aa1cdb199885f20f6592afe28a4e3c28dabc0d8de24fcebd0d61a4f7e354d66,2
BRDA:47,0,5aa1cdb199885f20f6592afe28a4e3c28dabc0d8de24fcebd0d61a4f7e354d66,2
BRDA:27,0,cdeb7cb0b62700ca5363f8f237f1f85fd27078bdbad19217e0f511661168e28c,3
BRDA:73,0,2a8184a226571b6d188dafcbc93a643f4864dd677998ad87531c103b98880679,2
BRDA:34,0,5b52a2d57b054e29a6ee41443fb33b41698c623baa04871ef5615a24d0d8dd3a,3
BRDA:29,0,bb9672b1a0d626236550d9571ec181910d854a67888ef40d6d52882e895cbeed,2
BRDA:26,0,36783694f975a889045cc2cb01ada040a43005a1b4fda4367495d78d717e91a3,3
BRDA:28,0,c8b6b52e54a80009c322706f828bbe2c5c2cb3b04ada042c40ccf7e7f077178f,3
BRDA:35,0,e20f08ad5d3f3f73ded65dffe19fe812546a940c99f3645bdb45bc4b9c49f2dc,3
BRDA:74,0,991336e7fbf28cf099b7580ed9d82415542fb6eaba481d6f422b1eb862a160d0,2
BRDA:75,0,991336e7fbf28cf099b7580ed9d82415542fb6eaba481d6f422b1eb862a160d0,2
BRDA:76,0,991336e7fbf28cf099b7580ed9d82415542fb6eaba481d6f422b1eb862a160d0,2
BRDA:77,0,a69429507f99ad48213b0f55e60010886ea0fbd6051d12471b75e14e63abeec8,2
BRDA:78,0,a69429507f99ad48213b0f55e60010886ea0fbd6051d12471b75e14e63abeec8,2
BRDA:79,0,a69429507f99ad48213b0f55e60010886ea0fbd6051d12471b75e14e63abeec8,2
BRDA:66,0,1f0caaaa980a6ce492c15c502dd7d4d4b4aa84e3e1cf0941ae8d553aab7ec880,3
BRDA:67,0,1f0caaaa980a6ce492c15c502dd7d4d4b4aa84e3e1cf0941ae8d553aab7ec880,3
BRDA:68,0,1f0caaaa980a6ce492c15c502dd7d4d4b4aa84e3e1cf0941ae8d553aab7ec880,3
BRDA:69,0,1f0caaaa980a6ce492c15c502dd7d4d4b4aa84e3e1cf0941ae8d553aab7ec880,3
BRDA:72,0,27358707dc5816992a7f18280d4f27277f957ce9986f717c336ee449cb837815,2
BRDA:70,0,afb4e7e367fdeaec583e10697b57d14d5b409dc472a81eb1c1816af237b709ec,2
BRDA:71,0,afb4e7e367fdeaec583e10697b57d14d5b409dc472a81eb1c1816af237b709ec,2
BRDA:67,0,ff9f2534acaeb8fd2c16ebcdd9a081c106f06564585119ebbddb77a0a637d84f,1
BRDA:68,0,ff9f2534acaeb8fd2c16ebcdd9a081c106f06564585119ebbddb77a0a637d84f,1
BRDA:69,0,ff9f2534acaeb8fd2c16ebcdd9a081c106f06564585119ebbddb77a0a637d84f,1
BRDA:68,0,27258c6a36037fb85267c7394a64acb92926d203a09996568223df35d8d2a5c3,1
BRDA:41,0,fa9194e13fbacf71917dab5d275dd25e326b46ce031a73edbf9c26a87a2e821e,1
BRDA:40,0,2e31a828895e1c41f56e9fc09dd688cf8bee94fd31c926424f5a43c39b2a1fe3,1
BRH:37
BRF:37
DA:52,8
DA:58,8
DA:59,8
DA:60,8
DA:54,8
DA:55,8
DA:56,8
DA:57,8
DA:53,8
DA:46,2
DA:47,2
DA:27,3
DA:73,2
DA:34,3
DA:29,2
DA:26,3
DA:28,3
DA:35,3
DA:74,2
DA:75,2
DA:76,2
DA:77,2
DA:78,2
DA:79,2
DA:66,3
DA:67,4
DA:68,5
DA:69,4
DA:72,2
DA:70,2
DA:71,2
DA:41,1
DA:40,1
LH:33
LF:33
end_of_record
